<?xml version="1.0" encoding="UTF-8"?>
<!-- Generated by org.testng.reporters.JUnitReportReporter -->
<testsuite hostname="DESKTOP-7UK1N8C" failures="0" tests="1" name="Testngtests.Login" time="16.138" errors="0" timestamp="2020-12-29T11:37:37 EST" skipped="0">
  <testcase classname="Testngtests.Login" name="f" time="16.138"/>
  <system-out/>
</testsuite> <!-- Testngtests.Login -->
